# JRE version: OpenJDK Runtime Environment Temurin-23+37 (23.0+37) (build 23+37)
# Java VM: OpenJDK 64-Bit Server VM Temurin-23+37 (23+37, mixed mode, sharing, tiered, compressed oops, compressed class ptrs, g1 gc, windows-amd64)
GC Precious Log:
 CardTable entry size: 512
 Card Set container configuration: InlinePtr #cards 4 size 8 Array Of Cards #cards 32 size 80 Howl #buckets 8 coarsen threshold 7372 Howl Bitmap #cards 1024 size 144 coarsen threshold 921 Card regions per heap region 1 cards per card region 8192
 CPUs: 32 total, 32 available
 Memory: 30599M
 Large Page Support: Disabled
 NUMA Support: Disabled
 Compressed Oops: Enabled (Zero based)
 Heap Region Size: 4M
 Heap Min Capacity: 8M
 Heap Initial Capacity: 480M
 Heap Max Capacity: 7652M
 Pre-touch: Disabled
 Parallel Workers: 23
 Concurrent Workers: 6
 Concurrent Refinement Workers: 23
 Periodic GC: Disabled
Heap:
 garbage-first heap   total reserved 7835648K, committed 69632K, used 45815K [0x0000000621c00000, 0x0000000800000000)
  region size 4096K, 6 young (24576K), 1 survivors (4096K)
 Metaspace       used 66593K, committed 67264K, reserved 1114112K
  class space    used 9317K, committed 9600K, reserved 1048576K
GC Heap History (20 events):
Event: 1.249 GC heap before
{Heap before GC invocations=1 (full 0):
 garbage-first heap   total reserved 7835648K, committed 491520K, used 27458K [0x0000000621c00000, 0x0000000800000000)
  region size 4096K, 6 young (24576K), 1 survivors (4096K)
 Metaspace       used 11620K, committed 11840K, reserved 1114112K
  class space    used 1482K, committed 1600K, reserved 1048576K
}
Event: 1.253 GC heap after
{Heap after GC invocations=2 (full 0):
 garbage-first heap   total reserved 7835648K, committed 491520K, used 9012K [0x0000000621c00000, 0x0000000800000000)
  region size 4096K, 1 young (4096K), 1 survivors (4096K)
 Metaspace       used 11620K, committed 11840K, reserved 1114112K
  class space    used 1482K, committed 1600K, reserved 1048576K
}
Event: 1.921 GC heap before
{Heap before GC invocations=2 (full 0):
 garbage-first heap   total reserved 7835648K, committed 491520K, used 45876K [0x0000000621c00000, 0x0000000800000000)
  region size 4096K, 12 young (49152K), 1 survivors (4096K)
 Metaspace       used 21311K, committed 21504K, reserved 1114112K
  class space    used 2671K, committed 2752K, reserved 1048576K
}
Event: 1.926 GC heap after
{Heap after GC invocations=3 (full 0):
 garbage-first heap   total reserved 7835648K, committed 491520K, used 12665K [0x0000000621c00000, 0x0000000800000000)
  region size 4096K, 2 young (8192K), 2 survivors (8192K)
 Metaspace       used 21311K, committed 21504K, reserved 1114112K
  class space    used 2671K, committed 2752K, reserved 1048576K
}
Event: 2.988 GC heap before
{Heap before GC invocations=4 (full 0):
 garbage-first heap   total reserved 7835648K, committed 57344K, used 53625K [0x0000000621c00000, 0x0000000800000000)
  region size 4096K, 12 young (49152K), 2 survivors (8192K)
 Metaspace       used 27758K, committed 28224K, reserved 1114112K
  class space    used 3575K, committed 3776K, reserved 1048576K
}
Event: 2.996 GC heap after
{Heap after GC invocations=5 (full 0):
 garbage-first heap   total reserved 7835648K, committed 69632K, used 16254K [0x0000000621c00000, 0x0000000800000000)
  region size 4096K, 3 young (12288K), 3 survivors (12288K)
 Metaspace       used 27758K, committed 28224K, reserved 1114112K
  class space    used 3575K, committed 3776K, reserved 1048576K
}
Event: 3.797 GC heap before
{Heap before GC invocations=5 (full 0):
 garbage-first heap   total reserved 7835648K, committed 69632K, used 44926K [0x0000000621c00000, 0x0000000800000000)
  region size 4096K, 10 young (40960K), 3 survivors (12288K)
 Metaspace       used 33140K, committed 33664K, reserved 1114112K
  class space    used 4330K, committed 4544K, reserved 1048576K
}
Event: 3.805 GC heap after
{Heap after GC invocations=6 (full 0):
 garbage-first heap   total reserved 7835648K, committed 69632K, used 19435K [0x0000000621c00000, 0x0000000800000000)
  region size 4096K, 2 young (8192K), 2 survivors (8192K)
 Metaspace       used 33140K, committed 33664K, reserved 1114112K
  class space    used 4330K, committed 4544K, reserved 1048576K
}
Event: 4.115 GC heap before
{Heap before GC invocations=6 (full 0):
 garbage-first heap   total reserved 7835648K, committed 69632K, used 27627K [0x0000000621c00000, 0x0000000800000000)
  region size 4096K, 5 young (20480K), 2 survivors (8192K)
 Metaspace       used 35608K, committed 36096K, reserved 1114112K
  class space    used 4681K, committed 4928K, reserved 1048576K
}
Event: 4.122 GC heap after
{Heap after GC invocations=7 (full 0):
 garbage-first heap   total reserved 7835648K, committed 69632K, used 19945K [0x0000000621c00000, 0x0000000800000000)
  region size 4096K, 1 young (4096K), 1 survivors (4096K)
 Metaspace       used 35608K, committed 36096K, reserved 1114112K
  class space    used 4681K, committed 4928K, reserved 1048576K
}
Event: 4.932 GC heap before
{Heap before GC invocations=8 (full 0):
 garbage-first heap   total reserved 7835648K, committed 69632K, used 48617K [0x0000000621c00000, 0x0000000800000000)
  region size 4096K, 8 young (32768K), 1 survivors (4096K)
 Metaspace       used 43768K, committed 44352K, reserved 1114112K
  class space    used 5898K, committed 6144K, reserved 1048576K
}
Event: 4.937 GC heap after
{Heap after GC invocations=9 (full 0):
 garbage-first heap   total reserved 7835648K, committed 69632K, used 22500K [0x0000000621c00000, 0x0000000800000000)
  region size 4096K, 1 young (4096K), 1 survivors (4096K)
 Metaspace       used 43768K, committed 44352K, reserved 1114112K
  class space    used 5898K, committed 6144K, reserved 1048576K
}
Event: 5.561 GC heap before
{Heap before GC invocations=9 (full 0):
 garbage-first heap   total reserved 7835648K, committed 69632K, used 47076K [0x0000000621c00000, 0x0000000800000000)
  region size 4096K, 8 young (32768K), 1 survivors (4096K)
 Metaspace       used 52584K, committed 53120K, reserved 1114112K
  class space    used 7197K, committed 7424K, reserved 1048576K
}
Event: 5.569 GC heap after
{Heap after GC invocations=10 (full 0):
 garbage-first heap   total reserved 7835648K, committed 69632K, used 24342K [0x0000000621c00000, 0x0000000800000000)
  region size 4096K, 1 young (4096K), 1 survivors (4096K)
 Metaspace       used 52584K, committed 53120K, reserved 1114112K
  class space    used 7197K, committed 7424K, reserved 1048576K
}
Event: 6.214 GC heap before
{Heap before GC invocations=10 (full 0):
 garbage-first heap   total reserved 7835648K, committed 69632K, used 53014K [0x0000000621c00000, 0x0000000800000000)
  region size 4096K, 8 young (32768K), 1 survivors (4096K)
 Metaspace       used 59431K, committed 60032K, reserved 1114112K
  class space    used 8205K, committed 8448K, reserved 1048576K
}
Event: 6.219 GC heap after
{Heap after GC invocations=11 (full 0):
 garbage-first heap   total reserved 7835648K, committed 69632K, used 26289K [0x0000000621c00000, 0x0000000800000000)
  region size 4096K, 1 young (4096K), 1 survivors (4096K)
 Metaspace       used 59431K, committed 60032K, reserved 1114112K
  class space    used 8205K, committed 8448K, reserved 1048576K
}
Event: 6.289 GC heap before
{Heap before GC invocations=11 (full 0):
 garbage-first heap   total reserved 7835648K, committed 69632K, used 26289K [0x0000000621c00000, 0x0000000800000000)
  region size 4096K, 2 young (8192K), 1 survivors (4096K)
 Metaspace       used 60032K, committed 60608K, reserved 1114112K
  class space    used 8313K, committed 8576K, reserved 1048576K
}
Event: 6.293 GC heap after
{Heap after GC invocations=12 (full 0):
 garbage-first heap   total reserved 7835648K, committed 69632K, used 26753K [0x0000000621c00000, 0x0000000800000000)
  region size 4096K, 1 young (4096K), 1 survivors (4096K)
 Metaspace       used 60032K, committed 60608K, reserved 1114112K
  class space    used 8313K, committed 8576K, reserved 1048576K
}
Event: 7.082 GC heap before
{Heap before GC invocations=13 (full 0):
 garbage-first heap   total reserved 7835648K, committed 69632K, used 55425K [0x0000000621c00000, 0x0000000800000000)
  region size 4096K, 8 young (32768K), 1 survivors (4096K)
 Metaspace       used 63769K, committed 64320K, reserved 1114112K
  class space    used 8921K, committed 9152K, reserved 1048576K
}
Event: 7.087 GC heap after
{Heap after GC invocations=14 (full 0):
 garbage-first heap   total reserved 7835648K, committed 69632K, used 29431K [0x0000000621c00000, 0x0000000800000000)
  region size 4096K, 1 young (4096K), 1 survivors (4096K)
 Metaspace       used 63769K, committed 64320K, reserved 1114112K
  class space    used 8921K, committed 9152K, reserved 1048576K
}

